{"D:\\Studying\\ats_project\\backend\\index.js": {"path":"D:\\Studying\\ats_project\\backend\\index.js","statementMap":{"0":{"start":{"line":1,"column":16},"end":{"line":1,"column":34}},"1":{"start":{"line":3,"column":19},"end":{"line":3,"column":49}},"2":{"start":{"line":4,"column":19},"end":{"line":4,"column":49}},"3":{"start":{"line":5,"column":18},"end":{"line":5,"column":47}},"4":{"start":{"line":6,"column":24},"end":{"line":6,"column":59}},"5":{"start":{"line":7,"column":29},"end":{"line":7,"column":69}},"6":{"start":{"line":8,"column":24},"end":{"line":8,"column":59}},"7":{"start":{"line":9,"column":20},"end":{"line":9,"column":51}},"8":{"start":{"line":10,"column":22},"end":{"line":10,"column":55}},"9":{"start":{"line":11,"column":24},"end":{"line":11,"column":59}},"10":{"start":{"line":12,"column":31},"end":{"line":12,"column":73}},"11":{"start":{"line":13,"column":21},"end":{"line":13,"column":53}},"12":{"start":{"line":14,"column":27},"end":{"line":14,"column":65}},"13":{"start":{"line":16,"column":18},"end":{"line":16,"column":47}},"14":{"start":{"line":17,"column":24},"end":{"line":17,"column":56}},"15":{"start":{"line":19,"column":0},"end":{"line":19,"column":27}},"16":{"start":{"line":21,"column":12},"end":{"line":21,"column":21}},"17":{"start":{"line":22,"column":0},"end":{"line":22,"column":24}},"18":{"start":{"line":24,"column":0},"end":{"line":24,"column":33}},"19":{"start":{"line":25,"column":0},"end":{"line":25,"column":33}},"20":{"start":{"line":26,"column":0},"end":{"line":26,"column":32}},"21":{"start":{"line":27,"column":0},"end":{"line":27,"column":44}},"22":{"start":{"line":28,"column":0},"end":{"line":28,"column":54}},"23":{"start":{"line":29,"column":0},"end":{"line":29,"column":43}},"24":{"start":{"line":30,"column":0},"end":{"line":30,"column":36}},"25":{"start":{"line":31,"column":0},"end":{"line":31,"column":41}},"26":{"start":{"line":32,"column":0},"end":{"line":32,"column":44}},"27":{"start":{"line":33,"column":0},"end":{"line":33,"column":59}},"28":{"start":{"line":34,"column":0},"end":{"line":34,"column":38}},"29":{"start":{"line":35,"column":0},"end":{"line":35,"column":50}},"30":{"start":{"line":37,"column":0},"end":{"line":37,"column":72}},"31":{"start":{"line":39,"column":13},"end":{"line":39,"column":37}},"32":{"start":{"line":41,"column":0},"end":{"line":43,"column":1}},"33":{"start":{"line":42,"column":2},"end":{"line":42,"column":77}},"34":{"start":{"line":42,"column":27},"end":{"line":42,"column":73}},"35":{"start":{"line":45,"column":0},"end":{"line":45,"column":21}}},"fnMap":{"0":{"name":"(anonymous_0)","decl":{"start":{"line":42,"column":19},"end":{"line":42,"column":20}},"loc":{"start":{"line":42,"column":25},"end":{"line":42,"column":75}},"line":42}},"branchMap":{"0":{"loc":{"start":{"line":39,"column":13},"end":{"line":39,"column":37}},"type":"binary-expr","locations":[{"start":{"line":39,"column":13},"end":{"line":39,"column":29}},{"start":{"line":39,"column":33},"end":{"line":39,"column":37}}],"line":39},"1":{"loc":{"start":{"line":41,"column":0},"end":{"line":43,"column":1}},"type":"if","locations":[{"start":{"line":41,"column":0},"end":{"line":43,"column":1}},{"start":{},"end":{}}],"line":41}},"s":{"0":1,"1":1,"2":1,"3":1,"4":1,"5":1,"6":1,"7":1,"8":1,"9":1,"10":1,"11":1,"12":1,"13":1,"14":1,"15":1,"16":1,"17":1,"18":1,"19":1,"20":1,"21":1,"22":1,"23":1,"24":1,"25":1,"26":1,"27":1,"28":1,"29":1,"30":1,"31":1,"32":1,"33":0,"34":0,"35":1},"f":{"0":0},"b":{"0":[1,1],"1":[0,1]},"_coverageSchema":"1a1c01bbd47fc00a2c39e90264f33305004495a9","hash":"5fe035aa5e4bf95b3f21ecadf477bdaa23ba2ecb"}
,"D:\\Studying\\ats_project\\backend\\config\\db.js": {"path":"D:\\Studying\\ats_project\\backend\\config\\db.js","statementMap":{"0":{"start":{"line":1,"column":17},"end":{"line":1,"column":30}},"1":{"start":{"line":2,"column":0},"end":{"line":2,"column":46}},"2":{"start":{"line":4,"column":13},"end":{"line":10,"column":2}},"3":{"start":{"line":13,"column":0},"end":{"line":20,"column":3}},"4":{"start":{"line":14,"column":4},"end":{"line":18,"column":5}},"5":{"start":{"line":15,"column":8},"end":{"line":15,"column":70}},"6":{"start":{"line":17,"column":8},"end":{"line":17,"column":58}},"7":{"start":{"line":19,"column":4},"end":{"line":19,"column":14}},"8":{"start":{"line":22,"column":0},"end":{"line":22,"column":22}}},"fnMap":{"0":{"name":"(anonymous_0)","decl":{"start":{"line":13,"column":13},"end":{"line":13,"column":14}},"loc":{"start":{"line":13,"column":39},"end":{"line":20,"column":1}},"line":13}},"branchMap":{"0":{"loc":{"start":{"line":14,"column":4},"end":{"line":18,"column":5}},"type":"if","locations":[{"start":{"line":14,"column":4},"end":{"line":18,"column":5}},{"start":{"line":16,"column":11},"end":{"line":18,"column":5}}],"line":14}},"s":{"0":1,"1":1,"2":1,"3":1,"4":1,"5":0,"6":1,"7":1,"8":1},"f":{"0":1},"b":{"0":[0,1]},"_coverageSchema":"1a1c01bbd47fc00a2c39e90264f33305004495a9","hash":"d2c0aa206a8375aad60833c886654fc238293ac7"}
,"D:\\Studying\\ats_project\\backend\\controllers\\actionLogController.js": {"path":"D:\\Studying\\ats_project\\backend\\controllers\\actionLogController.js","statementMap":{"0":{"start":{"line":1,"column":18},"end":{"line":1,"column":48}},"1":{"start":{"line":3,"column":28},"end":{"line":12,"column":1}},"2":{"start":{"line":5,"column":4},"end":{"line":10,"column":5}},"3":{"start":{"line":6,"column":19},"end":{"line":6,"column":43}},"4":{"start":{"line":7,"column":6},"end":{"line":7,"column":21}},"5":{"start":{"line":9,"column":6},"end":{"line":9,"column":78}},"6":{"start":{"line":14,"column":0},"end":{"line":14,"column":37}}},"fnMap":{"0":{"name":"(anonymous_0)","decl":{"start":{"line":4,"column":2},"end":{"line":4,"column":3}},"loc":{"start":{"line":4,"column":25},"end":{"line":11,"column":3}},"line":4}},"branchMap":{},"s":{"0":1,"1":1,"2":0,"3":0,"4":0,"5":0,"6":1},"f":{"0":0},"b":{},"_coverageSchema":"1a1c01bbd47fc00a2c39e90264f33305004495a9","hash":"17507886d8e2aa04f325bc78ac84379608491765"}
,"D:\\Studying\\ats_project\\backend\\controllers\\analyticsController.js": {"path":"D:\\Studying\\ats_project\\backend\\controllers\\analyticsController.js","statementMap":{"0":{"start":{"line":1,"column":18},"end":{"line":1,"column":48}},"1":{"start":{"line":3,"column":28},"end":{"line":46,"column":1}},"2":{"start":{"line":5,"column":22},"end":{"line":5,"column":32}},"3":{"start":{"line":7,"column":4},"end":{"line":12,"column":5}},"4":{"start":{"line":8,"column":21},"end":{"line":8,"column":58}},"5":{"start":{"line":9,"column":6},"end":{"line":9,"column":23}},"6":{"start":{"line":11,"column":6},"end":{"line":11,"column":80}},"7":{"start":{"line":16,"column":22},"end":{"line":16,"column":32}},"8":{"start":{"line":18,"column":4},"end":{"line":23,"column":5}},"9":{"start":{"line":19,"column":24},"end":{"line":19,"column":66}},"10":{"start":{"line":20,"column":6},"end":{"line":20,"column":26}},"11":{"start":{"line":22,"column":6},"end":{"line":22,"column":85}},"12":{"start":{"line":27,"column":22},"end":{"line":27,"column":32}},"13":{"start":{"line":29,"column":4},"end":{"line":34,"column":5}},"14":{"start":{"line":30,"column":20},"end":{"line":30,"column":61}},"15":{"start":{"line":31,"column":6},"end":{"line":31,"column":22}},"16":{"start":{"line":33,"column":6},"end":{"line":33,"column":84}},"17":{"start":{"line":38,"column":4},"end":{"line":43,"column":5}},"18":{"start":{"line":39,"column":29},"end":{"line":39,"column":68}},"19":{"start":{"line":40,"column":6},"end":{"line":40,"column":35}},"20":{"start":{"line":42,"column":6},"end":{"line":42,"column":88}},"21":{"start":{"line":48,"column":0},"end":{"line":48,"column":37}}},"fnMap":{"0":{"name":"(anonymous_0)","decl":{"start":{"line":4,"column":2},"end":{"line":4,"column":3}},"loc":{"start":{"line":4,"column":33},"end":{"line":13,"column":3}},"line":4},"1":{"name":"(anonymous_1)","decl":{"start":{"line":15,"column":2},"end":{"line":15,"column":3}},"loc":{"start":{"line":15,"column":38},"end":{"line":24,"column":3}},"line":15},"2":{"name":"(anonymous_2)","decl":{"start":{"line":26,"column":2},"end":{"line":26,"column":3}},"loc":{"start":{"line":26,"column":37},"end":{"line":35,"column":3}},"line":26},"3":{"name":"(anonymous_3)","decl":{"start":{"line":37,"column":2},"end":{"line":37,"column":3}},"loc":{"start":{"line":37,"column":40},"end":{"line":44,"column":3}},"line":37}},"branchMap":{},"s":{"0":1,"1":1,"2":0,"3":0,"4":0,"5":0,"6":0,"7":0,"8":0,"9":0,"10":0,"11":0,"12":0,"13":0,"14":0,"15":0,"16":0,"17":0,"18":0,"19":0,"20":0,"21":1},"f":{"0":0,"1":0,"2":0,"3":0},"b":{},"_coverageSchema":"1a1c01bbd47fc00a2c39e90264f33305004495a9","hash":"a85e9a644a9e90c92c1cb4d0e35889dcaba738a6"}
,"D:\\Studying\\ats_project\\backend\\controllers\\authController.js": {"path":"D:\\Studying\\ats_project\\backend\\controllers\\authController.js","statementMap":{"0":{"start":{"line":1,"column":13},"end":{"line":1,"column":38}},"1":{"start":{"line":2,"column":12},"end":{"line":2,"column":35}},"2":{"start":{"line":3,"column":15},"end":{"line":3,"column":34}},"3":{"start":{"line":4,"column":0},"end":{"line":4,"column":27}},"4":{"start":{"line":6,"column":23},"end":{"line":90,"column":1}},"5":{"start":{"line":8,"column":45},"end":{"line":8,"column":53}},"6":{"start":{"line":10,"column":8},"end":{"line":30,"column":9}},"7":{"start":{"line":13,"column":12},"end":{"line":15,"column":13}},"8":{"start":{"line":14,"column":16},"end":{"line":14,"column":107}},"9":{"start":{"line":18,"column":33},"end":{"line":18,"column":68}},"10":{"start":{"line":19,"column":12},"end":{"line":21,"column":13}},"11":{"start":{"line":20,"column":16},"end":{"line":20,"column":84}},"12":{"start":{"line":24,"column":25},"end":{"line":24,"column":68}},"13":{"start":{"line":26,"column":60},"end":{"line":26,"column":64}},"14":{"start":{"line":27,"column":12},"end":{"line":27,"column":105}},"15":{"start":{"line":29,"column":12},"end":{"line":29,"column":75}},"16":{"start":{"line":34,"column":39},"end":{"line":34,"column":47}},"17":{"start":{"line":36,"column":8},"end":{"line":54,"column":9}},"18":{"start":{"line":37,"column":25},"end":{"line":37,"column":60}},"19":{"start":{"line":38,"column":12},"end":{"line":40,"column":13}},"20":{"start":{"line":39,"column":16},"end":{"line":39,"column":80}},"21":{"start":{"line":42,"column":36},"end":{"line":42,"column":81}},"22":{"start":{"line":43,"column":12},"end":{"line":45,"column":13}},"23":{"start":{"line":44,"column":16},"end":{"line":44,"column":80}},"24":{"start":{"line":48,"column":26},"end":{"line":50,"column":14}},"25":{"start":{"line":51,"column":12},"end":{"line":51,"column":78}},"26":{"start":{"line":53,"column":12},"end":{"line":53,"column":68}},"27":{"start":{"line":60,"column":8},"end":{"line":60,"column":63}},"28":{"start":{"line":64,"column":8},"end":{"line":71,"column":9}},"29":{"start":{"line":66,"column":31},"end":{"line":66,"column":64}},"30":{"start":{"line":67,"column":12},"end":{"line":67,"column":33}},"31":{"start":{"line":69,"column":12},"end":{"line":69,"column":65}},"32":{"start":{"line":70,"column":12},"end":{"line":70,"column":84}},"33":{"start":{"line":75,"column":23},"end":{"line":75,"column":33}},"34":{"start":{"line":77,"column":8},"end":{"line":88,"column":9}},"35":{"start":{"line":79,"column":32},"end":{"line":79,"column":53}},"36":{"start":{"line":80,"column":12},"end":{"line":84,"column":13}},"37":{"start":{"line":81,"column":16},"end":{"line":81,"column":80}},"38":{"start":{"line":83,"column":16},"end":{"line":83,"column":68}},"39":{"start":{"line":86,"column":12},"end":{"line":86,"column":57}},"40":{"start":{"line":87,"column":12},"end":{"line":87,"column":76}},"41":{"start":{"line":92,"column":0},"end":{"line":92,"column":32}}},"fnMap":{"0":{"name":"(anonymous_0)","decl":{"start":{"line":7,"column":4},"end":{"line":7,"column":5}},"loc":{"start":{"line":7,"column":29},"end":{"line":31,"column":5}},"line":7},"1":{"name":"(anonymous_1)","decl":{"start":{"line":33,"column":4},"end":{"line":33,"column":5}},"loc":{"start":{"line":33,"column":26},"end":{"line":55,"column":5}},"line":33},"2":{"name":"(anonymous_2)","decl":{"start":{"line":57,"column":4},"end":{"line":57,"column":5}},"loc":{"start":{"line":57,"column":21},"end":{"line":61,"column":5}},"line":57},"3":{"name":"(anonymous_3)","decl":{"start":{"line":63,"column":4},"end":{"line":63,"column":5}},"loc":{"start":{"line":63,"column":34},"end":{"line":72,"column":5}},"line":63},"4":{"name":"(anonymous_4)","decl":{"start":{"line":74,"column":4},"end":{"line":74,"column":5}},"loc":{"start":{"line":74,"column":31},"end":{"line":89,"column":5}},"line":74}},"branchMap":{"0":{"loc":{"start":{"line":13,"column":12},"end":{"line":15,"column":13}},"type":"if","locations":[{"start":{"line":13,"column":12},"end":{"line":15,"column":13}},{"start":{},"end":{}}],"line":13},"1":{"loc":{"start":{"line":13,"column":16},"end":{"line":13,"column":54}},"type":"binary-expr","locations":[{"start":{"line":13,"column":16},"end":{"line":13,"column":25}},{"start":{"line":13,"column":29},"end":{"line":13,"column":54}}],"line":13},"2":{"loc":{"start":{"line":19,"column":12},"end":{"line":21,"column":13}},"type":"if","locations":[{"start":{"line":19,"column":12},"end":{"line":21,"column":13}},{"start":{},"end":{}}],"line":19},"3":{"loc":{"start":{"line":38,"column":12},"end":{"line":40,"column":13}},"type":"if","locations":[{"start":{"line":38,"column":12},"end":{"line":40,"column":13}},{"start":{},"end":{}}],"line":38},"4":{"loc":{"start":{"line":43,"column":12},"end":{"line":45,"column":13}},"type":"if","locations":[{"start":{"line":43,"column":12},"end":{"line":45,"column":13}},{"start":{},"end":{}}],"line":43},"5":{"loc":{"start":{"line":80,"column":12},"end":{"line":84,"column":13}},"type":"if","locations":[{"start":{"line":80,"column":12},"end":{"line":84,"column":13}},{"start":{"line":82,"column":19},"end":{"line":84,"column":13}}],"line":80}},"s":{"0":1,"1":1,"2":1,"3":1,"4":1,"5":1,"6":1,"7":1,"8":0,"9":1,"10":1,"11":0,"12":1,"13":1,"14":1,"15":0,"16":2,"17":2,"18":2,"19":2,"20":0,"21":2,"22":2,"23":0,"24":2,"25":2,"26":0,"27":0,"28":0,"29":0,"30":0,"31":0,"32":0,"33":1,"34":1,"35":1,"36":1,"37":1,"38":0,"39":0,"40":0,"41":1},"f":{"0":1,"1":2,"2":0,"3":0,"4":1},"b":{"0":[0,1],"1":[1,1],"2":[0,1],"3":[0,2],"4":[0,2],"5":[1,0]},"_coverageSchema":"1a1c01bbd47fc00a2c39e90264f33305004495a9","hash":"1f60d68efddf0f078aa3c6248f66088678e6ed1f"}
,"D:\\Studying\\ats_project\\backend\\controllers\\candidateCommentController.js": {"path":"D:\\Studying\\ats_project\\backend\\controllers\\candidateCommentController.js","statementMap":{"0":{"start":{"line":1,"column":25},"end":{"line":1,"column":62}},"1":{"start":{"line":3,"column":35},"end":{"line":28,"column":1}},"2":{"start":{"line":5,"column":37},"end":{"line":5,"column":45}},"3":{"start":{"line":6,"column":24},"end":{"line":6,"column":39}},"4":{"start":{"line":8,"column":4},"end":{"line":14,"column":5}},"5":{"start":{"line":9,"column":25},"end":{"line":9,"column":89}},"6":{"start":{"line":10,"column":6},"end":{"line":10,"column":82}},"7":{"start":{"line":12,"column":6},"end":{"line":12,"column":52}},"8":{"start":{"line":13,"column":6},"end":{"line":13,"column":71}},"9":{"start":{"line":18,"column":28},"end":{"line":18,"column":38}},"10":{"start":{"line":20,"column":4},"end":{"line":26,"column":5}},"11":{"start":{"line":21,"column":23},"end":{"line":21,"column":76}},"12":{"start":{"line":22,"column":6},"end":{"line":22,"column":25}},"13":{"start":{"line":24,"column":6},"end":{"line":24,"column":57}},"14":{"start":{"line":25,"column":6},"end":{"line":25,"column":76}},"15":{"start":{"line":30,"column":0},"end":{"line":30,"column":44}}},"fnMap":{"0":{"name":"(anonymous_0)","decl":{"start":{"line":4,"column":2},"end":{"line":4,"column":3}},"loc":{"start":{"line":4,"column":25},"end":{"line":15,"column":3}},"line":4},"1":{"name":"(anonymous_1)","decl":{"start":{"line":17,"column":2},"end":{"line":17,"column":3}},"loc":{"start":{"line":17,"column":36},"end":{"line":27,"column":3}},"line":17}},"branchMap":{},"s":{"0":1,"1":1,"2":0,"3":0,"4":0,"5":0,"6":0,"7":0,"8":0,"9":0,"10":0,"11":0,"12":0,"13":0,"14":0,"15":1},"f":{"0":0,"1":0},"b":{},"_coverageSchema":"1a1c01bbd47fc00a2c39e90264f33305004495a9","hash":"c4bdcae20316863ec4004fe2a68c47f2185a4efe"}
,"D:\\Studying\\ats_project\\backend\\controllers\\candidateController.js": {"path":"D:\\Studying\\ats_project\\backend\\controllers\\candidateController.js","statementMap":{"0":{"start":{"line":1,"column":18},"end":{"line":1,"column":48}},"1":{"start":{"line":2,"column":23},"end":{"line":2,"column":58}},"2":{"start":{"line":3,"column":14},"end":{"line":3,"column":40}},"3":{"start":{"line":5,"column":28},"end":{"line":92,"column":1}},"4":{"start":{"line":7,"column":47},"end":{"line":7,"column":55}},"5":{"start":{"line":9,"column":4},"end":{"line":30,"column":5}},"6":{"start":{"line":11,"column":19},"end":{"line":11,"column":53}},"7":{"start":{"line":14,"column":6},"end":{"line":18,"column":7}},"8":{"start":{"line":15,"column":8},"end":{"line":15,"column":64}},"9":{"start":{"line":17,"column":8},"end":{"line":17,"column":32}},"10":{"start":{"line":21,"column":24},"end":{"line":21,"column":78}},"11":{"start":{"line":24,"column":32},"end":{"line":24,"column":89}},"12":{"start":{"line":26,"column":6},"end":{"line":26,"column":102}},"13":{"start":{"line":28,"column":6},"end":{"line":28,"column":54}},"14":{"start":{"line":29,"column":6},"end":{"line":29,"column":73}},"15":{"start":{"line":34,"column":4},"end":{"line":40,"column":5}},"16":{"start":{"line":35,"column":25},"end":{"line":35,"column":49}},"17":{"start":{"line":36,"column":6},"end":{"line":36,"column":27}},"18":{"start":{"line":38,"column":6},"end":{"line":38,"column":59}},"19":{"start":{"line":39,"column":6},"end":{"line":39,"column":78}},"20":{"start":{"line":44,"column":26},"end":{"line":44,"column":36}},"21":{"start":{"line":46,"column":4},"end":{"line":51,"column":5}},"22":{"start":{"line":47,"column":25},"end":{"line":47,"column":67}},"23":{"start":{"line":48,"column":6},"end":{"line":48,"column":27}},"24":{"start":{"line":50,"column":6},"end":{"line":50,"column":78}},"25":{"start":{"line":56,"column":28},"end":{"line":56,"column":38}},"26":{"start":{"line":58,"column":4},"end":{"line":67,"column":5}},"27":{"start":{"line":59,"column":28},"end":{"line":59,"column":72}},"28":{"start":{"line":60,"column":6},"end":{"line":64,"column":7}},"29":{"start":{"line":61,"column":8},"end":{"line":61,"column":82}},"30":{"start":{"line":63,"column":8},"end":{"line":63,"column":78}},"31":{"start":{"line":66,"column":6},"end":{"line":66,"column":86}},"32":{"start":{"line":72,"column":28},"end":{"line":72,"column":38}},"33":{"start":{"line":74,"column":4},"end":{"line":89,"column":5}},"34":{"start":{"line":76,"column":6},"end":{"line":76,"column":60}},"35":{"start":{"line":79,"column":31},"end":{"line":79,"column":66}},"36":{"start":{"line":81,"column":6},"end":{"line":83,"column":7}},"37":{"start":{"line":82,"column":8},"end":{"line":82,"column":72}},"38":{"start":{"line":85,"column":6},"end":{"line":85,"column":80}},"39":{"start":{"line":87,"column":6},"end":{"line":87,"column":56}},"40":{"start":{"line":88,"column":6},"end":{"line":88,"column":75}},"41":{"start":{"line":94,"column":0},"end":{"line":94,"column":37}}},"fnMap":{"0":{"name":"(anonymous_0)","decl":{"start":{"line":6,"column":2},"end":{"line":6,"column":3}},"loc":{"start":{"line":6,"column":25},"end":{"line":31,"column":3}},"line":6},"1":{"name":"(anonymous_1)","decl":{"start":{"line":33,"column":2},"end":{"line":33,"column":3}},"loc":{"start":{"line":33,"column":25},"end":{"line":41,"column":3}},"line":33},"2":{"name":"(anonymous_2)","decl":{"start":{"line":43,"column":2},"end":{"line":43,"column":3}},"loc":{"start":{"line":43,"column":34},"end":{"line":52,"column":3}},"line":43},"3":{"name":"(anonymous_3)","decl":{"start":{"line":55,"column":2},"end":{"line":55,"column":3}},"loc":{"start":{"line":55,"column":34},"end":{"line":68,"column":3}},"line":55},"4":{"name":"(anonymous_4)","decl":{"start":{"line":71,"column":2},"end":{"line":71,"column":3}},"loc":{"start":{"line":71,"column":25},"end":{"line":90,"column":3}},"line":71}},"branchMap":{"0":{"loc":{"start":{"line":14,"column":6},"end":{"line":18,"column":7}},"type":"if","locations":[{"start":{"line":14,"column":6},"end":{"line":18,"column":7}},{"start":{"line":16,"column":13},"end":{"line":18,"column":7}}],"line":14},"1":{"loc":{"start":{"line":60,"column":6},"end":{"line":64,"column":7}},"type":"if","locations":[{"start":{"line":60,"column":6},"end":{"line":64,"column":7}},{"start":{"line":62,"column":13},"end":{"line":64,"column":7}}],"line":60},"2":{"loc":{"start":{"line":81,"column":6},"end":{"line":83,"column":7}},"type":"if","locations":[{"start":{"line":81,"column":6},"end":{"line":83,"column":7}},{"start":{},"end":{}}],"line":81}},"s":{"0":1,"1":1,"2":1,"3":1,"4":1,"5":1,"6":1,"7":1,"8":1,"9":0,"10":1,"11":1,"12":1,"13":0,"14":0,"15":0,"16":0,"17":0,"18":0,"19":0,"20":0,"21":0,"22":0,"23":0,"24":0,"25":0,"26":0,"27":0,"28":0,"29":0,"30":0,"31":0,"32":1,"33":1,"34":1,"35":1,"36":1,"37":0,"38":1,"39":0,"40":0,"41":1},"f":{"0":1,"1":0,"2":0,"3":0,"4":1},"b":{"0":[1,0],"1":[0,0],"2":[0,1]},"_coverageSchema":"1a1c01bbd47fc00a2c39e90264f33305004495a9","hash":"7c466d5968e5f60f8d87c87ef7a3675cab008444"}
,"D:\\Studying\\ats_project\\backend\\controllers\\candidateStageController.js": {"path":"D:\\Studying\\ats_project\\backend\\controllers\\candidateStageController.js","statementMap":{"0":{"start":{"line":1,"column":23},"end":{"line":1,"column":58}},"1":{"start":{"line":3,"column":33},"end":{"line":39,"column":1}},"2":{"start":{"line":5,"column":37},"end":{"line":5,"column":45}},"3":{"start":{"line":7,"column":4},"end":{"line":12,"column":5}},"4":{"start":{"line":8,"column":36},"end":{"line":8,"column":85}},"5":{"start":{"line":9,"column":6},"end":{"line":9,"column":103}},"6":{"start":{"line":11,"column":6},"end":{"line":11,"column":81}},"7":{"start":{"line":16,"column":4},"end":{"line":22,"column":5}},"8":{"start":{"line":17,"column":28},"end":{"line":17,"column":67}},"9":{"start":{"line":18,"column":6},"end":{"line":18,"column":30}},"10":{"start":{"line":20,"column":6},"end":{"line":20,"column":63}},"11":{"start":{"line":21,"column":6},"end":{"line":21,"column":82}},"12":{"start":{"line":26,"column":28},"end":{"line":26,"column":38}},"13":{"start":{"line":28,"column":4},"end":{"line":37,"column":5}},"14":{"start":{"line":29,"column":21},"end":{"line":29,"column":69}},"15":{"start":{"line":30,"column":6},"end":{"line":34,"column":7}},"16":{"start":{"line":31,"column":8},"end":{"line":31,"column":25}},"17":{"start":{"line":33,"column":8},"end":{"line":33,"column":71}},"18":{"start":{"line":36,"column":6},"end":{"line":36,"column":83}},"19":{"start":{"line":41,"column":0},"end":{"line":41,"column":42}}},"fnMap":{"0":{"name":"(anonymous_0)","decl":{"start":{"line":4,"column":2},"end":{"line":4,"column":3}},"loc":{"start":{"line":4,"column":25},"end":{"line":13,"column":3}},"line":4},"1":{"name":"(anonymous_1)","decl":{"start":{"line":15,"column":2},"end":{"line":15,"column":3}},"loc":{"start":{"line":15,"column":35},"end":{"line":23,"column":3}},"line":15},"2":{"name":"(anonymous_2)","decl":{"start":{"line":25,"column":2},"end":{"line":25,"column":3}},"loc":{"start":{"line":25,"column":28},"end":{"line":38,"column":3}},"line":25}},"branchMap":{"0":{"loc":{"start":{"line":30,"column":6},"end":{"line":34,"column":7}},"type":"if","locations":[{"start":{"line":30,"column":6},"end":{"line":34,"column":7}},{"start":{"line":32,"column":13},"end":{"line":34,"column":7}}],"line":30}},"s":{"0":1,"1":1,"2":0,"3":0,"4":0,"5":0,"6":0,"7":0,"8":0,"9":0,"10":0,"11":0,"12":0,"13":0,"14":0,"15":0,"16":0,"17":0,"18":0,"19":1},"f":{"0":0,"1":0,"2":0},"b":{"0":[0,0]},"_coverageSchema":"1a1c01bbd47fc00a2c39e90264f33305004495a9","hash":"fcb5921f51d7d722ab77b4218fe6b47a95567979"}
,"D:\\Studying\\ats_project\\backend\\controllers\\jobController.js": {"path":"D:\\Studying\\ats_project\\backend\\controllers\\jobController.js","statementMap":{"0":{"start":{"line":1,"column":12},"end":{"line":1,"column":36}},"1":{"start":{"line":2,"column":21},"end":{"line":2,"column":54}},"2":{"start":{"line":3,"column":13},"end":{"line":3,"column":38}},"3":{"start":{"line":5,"column":22},"end":{"line":94,"column":1}},"4":{"start":{"line":7,"column":46},"end":{"line":7,"column":54}},"5":{"start":{"line":9,"column":4},"end":{"line":23,"column":5}},"6":{"start":{"line":10,"column":18},"end":{"line":10,"column":65}},"7":{"start":{"line":12,"column":20},"end":{"line":12,"column":39}},"8":{"start":{"line":15,"column":6},"end":{"line":17,"column":7}},"9":{"start":{"line":16,"column":8},"end":{"line":16,"column":76}},"10":{"start":{"line":19,"column":6},"end":{"line":19,"column":73}},"11":{"start":{"line":21,"column":6},"end":{"line":21,"column":50}},"12":{"start":{"line":22,"column":6},"end":{"line":22,"column":69}},"13":{"start":{"line":27,"column":4},"end":{"line":32,"column":5}},"14":{"start":{"line":28,"column":19},"end":{"line":28,"column":37}},"15":{"start":{"line":29,"column":6},"end":{"line":29,"column":21}},"16":{"start":{"line":31,"column":6},"end":{"line":31,"column":72}},"17":{"start":{"line":36,"column":19},"end":{"line":36,"column":29}},"18":{"start":{"line":37,"column":4},"end":{"line":46,"column":5}},"19":{"start":{"line":38,"column":18},"end":{"line":38,"column":39}},"20":{"start":{"line":39,"column":6},"end":{"line":43,"column":7}},"21":{"start":{"line":40,"column":8},"end":{"line":40,"column":22}},"22":{"start":{"line":42,"column":8},"end":{"line":42,"column":59}},"23":{"start":{"line":45,"column":6},"end":{"line":45,"column":71}},"24":{"start":{"line":50,"column":19},"end":{"line":50,"column":29}},"25":{"start":{"line":51,"column":35},"end":{"line":51,"column":43}},"26":{"start":{"line":53,"column":4},"end":{"line":62,"column":5}},"27":{"start":{"line":54,"column":25},"end":{"line":54,"column":65}},"28":{"start":{"line":55,"column":6},"end":{"line":59,"column":7}},"29":{"start":{"line":56,"column":8},"end":{"line":56,"column":70}},"30":{"start":{"line":58,"column":8},"end":{"line":58,"column":59}},"31":{"start":{"line":61,"column":6},"end":{"line":61,"column":69}},"32":{"start":{"line":66,"column":19},"end":{"line":66,"column":29}},"33":{"start":{"line":67,"column":23},"end":{"line":67,"column":31}},"34":{"start":{"line":69,"column":4},"end":{"line":78,"column":5}},"35":{"start":{"line":70,"column":18},"end":{"line":70,"column":52}},"36":{"start":{"line":71,"column":6},"end":{"line":75,"column":7}},"37":{"start":{"line":72,"column":8},"end":{"line":72,"column":70}},"38":{"start":{"line":74,"column":8},"end":{"line":74,"column":59}},"39":{"start":{"line":77,"column":6},"end":{"line":77,"column":76}},"40":{"start":{"line":82,"column":19},"end":{"line":82,"column":29}},"41":{"start":{"line":83,"column":4},"end":{"line":92,"column":5}},"42":{"start":{"line":84,"column":18},"end":{"line":84,"column":38}},"43":{"start":{"line":85,"column":6},"end":{"line":89,"column":7}},"44":{"start":{"line":86,"column":8},"end":{"line":86,"column":58}},"45":{"start":{"line":88,"column":8},"end":{"line":88,"column":59}},"46":{"start":{"line":91,"column":6},"end":{"line":91,"column":69}},"47":{"start":{"line":96,"column":0},"end":{"line":96,"column":31}}},"fnMap":{"0":{"name":"(anonymous_0)","decl":{"start":{"line":6,"column":2},"end":{"line":6,"column":3}},"loc":{"start":{"line":6,"column":25},"end":{"line":24,"column":3}},"line":6},"1":{"name":"(anonymous_1)","decl":{"start":{"line":26,"column":2},"end":{"line":26,"column":3}},"loc":{"start":{"line":26,"column":25},"end":{"line":33,"column":3}},"line":26},"2":{"name":"(anonymous_2)","decl":{"start":{"line":35,"column":2},"end":{"line":35,"column":3}},"loc":{"start":{"line":35,"column":26},"end":{"line":47,"column":3}},"line":35},"3":{"name":"(anonymous_3)","decl":{"start":{"line":49,"column":2},"end":{"line":49,"column":3}},"loc":{"start":{"line":49,"column":25},"end":{"line":63,"column":3}},"line":49},"4":{"name":"(anonymous_4)","decl":{"start":{"line":65,"column":2},"end":{"line":65,"column":3}},"loc":{"start":{"line":65,"column":31},"end":{"line":79,"column":3}},"line":65},"5":{"name":"(anonymous_5)","decl":{"start":{"line":81,"column":2},"end":{"line":81,"column":3}},"loc":{"start":{"line":81,"column":25},"end":{"line":93,"column":3}},"line":81}},"branchMap":{"0":{"loc":{"start":{"line":39,"column":6},"end":{"line":43,"column":7}},"type":"if","locations":[{"start":{"line":39,"column":6},"end":{"line":43,"column":7}},{"start":{"line":41,"column":13},"end":{"line":43,"column":7}}],"line":39},"1":{"loc":{"start":{"line":55,"column":6},"end":{"line":59,"column":7}},"type":"if","locations":[{"start":{"line":55,"column":6},"end":{"line":59,"column":7}},{"start":{"line":57,"column":13},"end":{"line":59,"column":7}}],"line":55},"2":{"loc":{"start":{"line":71,"column":6},"end":{"line":75,"column":7}},"type":"if","locations":[{"start":{"line":71,"column":6},"end":{"line":75,"column":7}},{"start":{"line":73,"column":13},"end":{"line":75,"column":7}}],"line":71},"3":{"loc":{"start":{"line":85,"column":6},"end":{"line":89,"column":7}},"type":"if","locations":[{"start":{"line":85,"column":6},"end":{"line":89,"column":7}},{"start":{"line":87,"column":13},"end":{"line":89,"column":7}}],"line":85}},"s":{"0":1,"1":1,"2":1,"3":1,"4":1,"5":1,"6":1,"7":1,"8":1,"9":4,"10":1,"11":0,"12":0,"13":1,"14":1,"15":1,"16":0,"17":0,"18":0,"19":0,"20":0,"21":0,"22":0,"23":0,"24":1,"25":1,"26":1,"27":1,"28":1,"29":1,"30":0,"31":0,"32":0,"33":0,"34":0,"35":0,"36":0,"37":0,"38":0,"39":0,"40":1,"41":1,"42":1,"43":1,"44":1,"45":0,"46":0,"47":1},"f":{"0":1,"1":1,"2":0,"3":1,"4":0,"5":1},"b":{"0":[0,0],"1":[1,0],"2":[0,0],"3":[1,0]},"_coverageSchema":"1a1c01bbd47fc00a2c39e90264f33305004495a9","hash":"12484979df9ce30ac354c00a8421b4857cd41a5a"}
,"D:\\Studying\\ats_project\\backend\\controllers\\jobTypeController.js": {"path":"D:\\Studying\\ats_project\\backend\\controllers\\jobTypeController.js","statementMap":{"0":{"start":{"line":1,"column":16},"end":{"line":1,"column":44}},"1":{"start":{"line":3,"column":26},"end":{"line":38,"column":1}},"2":{"start":{"line":5,"column":25},"end":{"line":5,"column":33}},"3":{"start":{"line":7,"column":4},"end":{"line":12,"column":5}},"4":{"start":{"line":8,"column":22},"end":{"line":8,"column":52}},"5":{"start":{"line":9,"column":6},"end":{"line":9,"column":82}},"6":{"start":{"line":11,"column":6},"end":{"line":11,"column":74}},"7":{"start":{"line":16,"column":4},"end":{"line":21,"column":5}},"8":{"start":{"line":17,"column":23},"end":{"line":17,"column":45}},"9":{"start":{"line":18,"column":6},"end":{"line":18,"column":25}},"10":{"start":{"line":20,"column":6},"end":{"line":20,"column":77}},"11":{"start":{"line":25,"column":19},"end":{"line":25,"column":29}},"12":{"start":{"line":27,"column":4},"end":{"line":36,"column":5}},"13":{"start":{"line":28,"column":29},"end":{"line":28,"column":53}},"14":{"start":{"line":29,"column":6},"end":{"line":33,"column":7}},"15":{"start":{"line":30,"column":8},"end":{"line":30,"column":79}},"16":{"start":{"line":32,"column":8},"end":{"line":32,"column":64}},"17":{"start":{"line":35,"column":6},"end":{"line":35,"column":74}},"18":{"start":{"line":40,"column":0},"end":{"line":40,"column":35}}},"fnMap":{"0":{"name":"(anonymous_0)","decl":{"start":{"line":4,"column":2},"end":{"line":4,"column":3}},"loc":{"start":{"line":4,"column":25},"end":{"line":13,"column":3}},"line":4},"1":{"name":"(anonymous_1)","decl":{"start":{"line":15,"column":2},"end":{"line":15,"column":3}},"loc":{"start":{"line":15,"column":25},"end":{"line":22,"column":3}},"line":15},"2":{"name":"(anonymous_2)","decl":{"start":{"line":24,"column":2},"end":{"line":24,"column":3}},"loc":{"start":{"line":24,"column":25},"end":{"line":37,"column":3}},"line":24}},"branchMap":{"0":{"loc":{"start":{"line":29,"column":6},"end":{"line":33,"column":7}},"type":"if","locations":[{"start":{"line":29,"column":6},"end":{"line":33,"column":7}},{"start":{"line":31,"column":13},"end":{"line":33,"column":7}}],"line":29}},"s":{"0":1,"1":1,"2":0,"3":0,"4":0,"5":0,"6":0,"7":0,"8":0,"9":0,"10":0,"11":0,"12":0,"13":0,"14":0,"15":0,"16":0,"17":0,"18":1},"f":{"0":0,"1":0,"2":0},"b":{"0":[0,0]},"_coverageSchema":"1a1c01bbd47fc00a2c39e90264f33305004495a9","hash":"92eff709df445a8afb486fb395a6b92968beac2e"}
,"D:\\Studying\\ats_project\\backend\\controllers\\notificationController.js": {"path":"D:\\Studying\\ats_project\\backend\\controllers\\notificationController.js","statementMap":{"0":{"start":{"line":1,"column":21},"end":{"line":1,"column":54}},"1":{"start":{"line":3,"column":31},"end":{"line":25,"column":1}},"2":{"start":{"line":5,"column":19},"end":{"line":5,"column":34}},"3":{"start":{"line":6,"column":4},"end":{"line":12,"column":5}},"4":{"start":{"line":7,"column":28},"end":{"line":7,"column":64}},"5":{"start":{"line":8,"column":6},"end":{"line":8,"column":30}},"6":{"start":{"line":10,"column":6},"end":{"line":10,"column":60}},"7":{"start":{"line":11,"column":6},"end":{"line":11,"column":79}},"8":{"start":{"line":16,"column":31},"end":{"line":16,"column":41}},"9":{"start":{"line":17,"column":4},"end":{"line":23,"column":5}},"10":{"start":{"line":18,"column":34},"end":{"line":18,"column":79}},"11":{"start":{"line":19,"column":6},"end":{"line":19,"column":80}},"12":{"start":{"line":21,"column":6},"end":{"line":21,"column":66}},"13":{"start":{"line":22,"column":6},"end":{"line":22,"column":85}},"14":{"start":{"line":27,"column":0},"end":{"line":27,"column":40}}},"fnMap":{"0":{"name":"(anonymous_0)","decl":{"start":{"line":4,"column":2},"end":{"line":4,"column":3}},"loc":{"start":{"line":4,"column":35},"end":{"line":13,"column":3}},"line":4},"1":{"name":"(anonymous_1)","decl":{"start":{"line":15,"column":2},"end":{"line":15,"column":3}},"loc":{"start":{"line":15,"column":29},"end":{"line":24,"column":3}},"line":15}},"branchMap":{},"s":{"0":1,"1":1,"2":0,"3":0,"4":0,"5":0,"6":0,"7":0,"8":0,"9":0,"10":0,"11":0,"12":0,"13":0,"14":1},"f":{"0":0,"1":0},"b":{},"_coverageSchema":"1a1c01bbd47fc00a2c39e90264f33305004495a9","hash":"3936f38fbc7366642dce148e453bf75a735980d1"}
,"D:\\Studying\\ats_project\\backend\\controllers\\reportController.js": {"path":"D:\\Studying\\ats_project\\backend\\controllers\\reportController.js","statementMap":{"0":{"start":{"line":1,"column":15},"end":{"line":1,"column":42}},"1":{"start":{"line":3,"column":25},"end":{"line":38,"column":1}},"2":{"start":{"line":5,"column":31},"end":{"line":5,"column":39}},"3":{"start":{"line":6,"column":19},"end":{"line":6,"column":34}},"4":{"start":{"line":8,"column":4},"end":{"line":14,"column":5}},"5":{"start":{"line":9,"column":24},"end":{"line":9,"column":67}},"6":{"start":{"line":10,"column":6},"end":{"line":10,"column":82}},"7":{"start":{"line":12,"column":6},"end":{"line":12,"column":53}},"8":{"start":{"line":13,"column":6},"end":{"line":13,"column":72}},"9":{"start":{"line":18,"column":4},"end":{"line":36,"column":5}},"10":{"start":{"line":19,"column":21},"end":{"line":19,"column":36}},"11":{"start":{"line":20,"column":23},"end":{"line":20,"column":36}},"12":{"start":{"line":24,"column":6},"end":{"line":30,"column":7}},"13":{"start":{"line":26,"column":8},"end":{"line":26,"column":40}},"14":{"start":{"line":29,"column":8},"end":{"line":29,"column":49}},"15":{"start":{"line":32,"column":6},"end":{"line":32,"column":24}},"16":{"start":{"line":34,"column":6},"end":{"line":34,"column":56}},"17":{"start":{"line":35,"column":6},"end":{"line":35,"column":75}},"18":{"start":{"line":40,"column":0},"end":{"line":40,"column":34}}},"fnMap":{"0":{"name":"(anonymous_0)","decl":{"start":{"line":4,"column":2},"end":{"line":4,"column":3}},"loc":{"start":{"line":4,"column":25},"end":{"line":15,"column":3}},"line":4},"1":{"name":"(anonymous_1)","decl":{"start":{"line":17,"column":2},"end":{"line":17,"column":3}},"loc":{"start":{"line":17,"column":25},"end":{"line":37,"column":3}},"line":17}},"branchMap":{"0":{"loc":{"start":{"line":24,"column":6},"end":{"line":30,"column":7}},"type":"if","locations":[{"start":{"line":24,"column":6},"end":{"line":30,"column":7}},{"start":{"line":27,"column":13},"end":{"line":30,"column":7}}],"line":24}},"s":{"0":1,"1":1,"2":0,"3":0,"4":0,"5":0,"6":0,"7":0,"8":0,"9":0,"10":0,"11":0,"12":0,"13":0,"14":0,"15":0,"16":0,"17":0,"18":1},"f":{"0":0,"1":0},"b":{"0":[0,0]},"_coverageSchema":"1a1c01bbd47fc00a2c39e90264f33305004495a9","hash":"0fb7314dfb466fc26ae99241245310e71ebb659b"}
,"D:\\Studying\\ats_project\\backend\\controllers\\stageController.js": {"path":"D:\\Studying\\ats_project\\backend\\controllers\\stageController.js","statementMap":{"0":{"start":{"line":1,"column":14},"end":{"line":1,"column":40}},"1":{"start":{"line":2,"column":23},"end":{"line":2,"column":58}},"2":{"start":{"line":4,"column":24},"end":{"line":99,"column":1}},"3":{"start":{"line":6,"column":28},"end":{"line":6,"column":36}},"4":{"start":{"line":8,"column":4},"end":{"line":13,"column":5}},"5":{"start":{"line":9,"column":20},"end":{"line":9,"column":51}},"6":{"start":{"line":10,"column":6},"end":{"line":10,"column":77}},"7":{"start":{"line":12,"column":6},"end":{"line":12,"column":71}},"8":{"start":{"line":17,"column":19},"end":{"line":17,"column":29}},"9":{"start":{"line":18,"column":21},"end":{"line":18,"column":29}},"10":{"start":{"line":20,"column":4},"end":{"line":29,"column":5}},"11":{"start":{"line":21,"column":27},"end":{"line":21,"column":55}},"12":{"start":{"line":22,"column":6},"end":{"line":26,"column":7}},"13":{"start":{"line":23,"column":8},"end":{"line":23,"column":74}},"14":{"start":{"line":25,"column":8},"end":{"line":25,"column":61}},"15":{"start":{"line":28,"column":6},"end":{"line":28,"column":71}},"16":{"start":{"line":33,"column":22},"end":{"line":33,"column":32}},"17":{"start":{"line":35,"column":4},"end":{"line":46,"column":5}},"18":{"start":{"line":37,"column":21},"end":{"line":37,"column":51}},"19":{"start":{"line":40,"column":25},"end":{"line":40,"column":71}},"20":{"start":{"line":42,"column":6},"end":{"line":42,"column":39}},"21":{"start":{"line":44,"column":6},"end":{"line":44,"column":70}},"22":{"start":{"line":45,"column":6},"end":{"line":45,"column":72}},"23":{"start":{"line":50,"column":19},"end":{"line":50,"column":29}},"24":{"start":{"line":52,"column":4},"end":{"line":84,"column":5}},"25":{"start":{"line":54,"column":25},"end":{"line":54,"column":60}},"26":{"start":{"line":57,"column":28},"end":{"line":57,"column":51}},"27":{"start":{"line":60,"column":20},"end":{"line":60,"column":81}},"28":{"start":{"line":61,"column":6},"end":{"line":63,"column":7}},"29":{"start":{"line":62,"column":8},"end":{"line":62,"column":71}},"30":{"start":{"line":66,"column":32},"end":{"line":66,"column":34}},"31":{"start":{"line":67,"column":6},"end":{"line":70,"column":7}},"32":{"start":{"line":68,"column":33},"end":{"line":68,"column":96}},"33":{"start":{"line":69,"column":8},"end":{"line":69,"column":49}},"34":{"start":{"line":73,"column":27},"end":{"line":73,"column":49}},"35":{"start":{"line":75,"column":6},"end":{"line":80,"column":9}},"36":{"start":{"line":82,"column":6},"end":{"line":82,"column":52}},"37":{"start":{"line":83,"column":6},"end":{"line":83,"column":71}},"38":{"start":{"line":88,"column":37},"end":{"line":88,"column":45}},"39":{"start":{"line":90,"column":4},"end":{"line":96,"column":5}},"40":{"start":{"line":91,"column":27},"end":{"line":91,"column":81}},"41":{"start":{"line":92,"column":6},"end":{"line":92,"column":74}},"42":{"start":{"line":94,"column":6},"end":{"line":94,"column":62}},"43":{"start":{"line":95,"column":6},"end":{"line":95,"column":81}},"44":{"start":{"line":101,"column":0},"end":{"line":101,"column":33}}},"fnMap":{"0":{"name":"(anonymous_0)","decl":{"start":{"line":5,"column":2},"end":{"line":5,"column":3}},"loc":{"start":{"line":5,"column":25},"end":{"line":14,"column":3}},"line":5},"1":{"name":"(anonymous_1)","decl":{"start":{"line":16,"column":2},"end":{"line":16,"column":3}},"loc":{"start":{"line":16,"column":25},"end":{"line":30,"column":3}},"line":16},"2":{"name":"(anonymous_2)","decl":{"start":{"line":32,"column":2},"end":{"line":32,"column":3}},"loc":{"start":{"line":32,"column":41},"end":{"line":47,"column":3}},"line":32},"3":{"name":"(anonymous_3)","decl":{"start":{"line":49,"column":2},"end":{"line":49,"column":3}},"loc":{"start":{"line":49,"column":25},"end":{"line":85,"column":3}},"line":49},"4":{"name":"(anonymous_4)","decl":{"start":{"line":87,"column":2},"end":{"line":87,"column":3}},"loc":{"start":{"line":87,"column":39},"end":{"line":97,"column":3}},"line":87}},"branchMap":{"0":{"loc":{"start":{"line":22,"column":6},"end":{"line":26,"column":7}},"type":"if","locations":[{"start":{"line":22,"column":6},"end":{"line":26,"column":7}},{"start":{"line":24,"column":13},"end":{"line":26,"column":7}}],"line":22},"1":{"loc":{"start":{"line":61,"column":6},"end":{"line":63,"column":7}},"type":"if","locations":[{"start":{"line":61,"column":6},"end":{"line":63,"column":7}},{"start":{},"end":{}}],"line":61}},"s":{"0":1,"1":1,"2":1,"3":0,"4":0,"5":0,"6":0,"7":0,"8":0,"9":0,"10":0,"11":0,"12":0,"13":0,"14":0,"15":0,"16":0,"17":0,"18":0,"19":0,"20":0,"21":0,"22":0,"23":0,"24":0,"25":0,"26":0,"27":0,"28":0,"29":0,"30":0,"31":0,"32":0,"33":0,"34":0,"35":0,"36":0,"37":0,"38":0,"39":0,"40":0,"41":0,"42":0,"43":0,"44":1},"f":{"0":0,"1":0,"2":0,"3":0,"4":0},"b":{"0":[0,0],"1":[0,0]},"_coverageSchema":"1a1c01bbd47fc00a2c39e90264f33305004495a9","hash":"8fcf8f8399419e6df1d15766144726471046ca4d"}
,"D:\\Studying\\ats_project\\backend\\middleware\\authMiddleware.js": {"path":"D:\\Studying\\ats_project\\backend\\middleware\\authMiddleware.js","statementMap":{"0":{"start":{"line":1,"column":12},"end":{"line":1,"column":35}},"1":{"start":{"line":2,"column":0},"end":{"line":2,"column":27}},"2":{"start":{"line":4,"column":23},"end":{"line":19,"column":1}},"3":{"start":{"line":5,"column":21},"end":{"line":5,"column":49}},"4":{"start":{"line":6,"column":16},"end":{"line":6,"column":54}},"5":{"start":{"line":8,"column":2},"end":{"line":10,"column":3}},"6":{"start":{"line":9,"column":4},"end":{"line":9,"column":78}},"7":{"start":{"line":12,"column":2},"end":{"line":18,"column":3}},"8":{"start":{"line":13,"column":20},"end":{"line":13,"column":61}},"9":{"start":{"line":14,"column":4},"end":{"line":14,"column":23}},"10":{"start":{"line":15,"column":4},"end":{"line":15,"column":11}},"11":{"start":{"line":17,"column":4},"end":{"line":17,"column":55}},"12":{"start":{"line":22,"column":2},"end":{"line":30,"column":4}},"13":{"start":{"line":23,"column":21},"end":{"line":23,"column":34}},"14":{"start":{"line":25,"column":4},"end":{"line":27,"column":5}},"15":{"start":{"line":26,"column":6},"end":{"line":26,"column":64}},"16":{"start":{"line":29,"column":4},"end":{"line":29,"column":11}},"17":{"start":{"line":33,"column":0},"end":{"line":36,"column":2}}},"fnMap":{"0":{"name":"(anonymous_0)","decl":{"start":{"line":4,"column":23},"end":{"line":4,"column":24}},"loc":{"start":{"line":4,"column":43},"end":{"line":19,"column":1}},"line":4},"1":{"name":"roleMiddleware","decl":{"start":{"line":21,"column":9},"end":{"line":21,"column":23}},"loc":{"start":{"line":21,"column":38},"end":{"line":31,"column":1}},"line":21},"2":{"name":"(anonymous_2)","decl":{"start":{"line":22,"column":9},"end":{"line":22,"column":10}},"loc":{"start":{"line":22,"column":29},"end":{"line":30,"column":3}},"line":22}},"branchMap":{"0":{"loc":{"start":{"line":6,"column":16},"end":{"line":6,"column":54}},"type":"binary-expr","locations":[{"start":{"line":6,"column":16},"end":{"line":6,"column":26}},{"start":{"line":6,"column":30},"end":{"line":6,"column":54}}],"line":6},"1":{"loc":{"start":{"line":8,"column":2},"end":{"line":10,"column":3}},"type":"if","locations":[{"start":{"line":8,"column":2},"end":{"line":10,"column":3}},{"start":{},"end":{}}],"line":8},"2":{"loc":{"start":{"line":25,"column":4},"end":{"line":27,"column":5}},"type":"if","locations":[{"start":{"line":25,"column":4},"end":{"line":27,"column":5}},{"start":{},"end":{}}],"line":25}},"s":{"0":1,"1":1,"2":1,"3":8,"4":8,"5":8,"6":0,"7":8,"8":8,"9":8,"10":8,"11":0,"12":5,"13":2,"14":2,"15":0,"16":2,"17":1},"f":{"0":8,"1":5,"2":2},"b":{"0":[8,8],"1":[0,8],"2":[0,2]},"_coverageSchema":"1a1c01bbd47fc00a2c39e90264f33305004495a9","hash":"0ff736c0f1a8e6974a9c4d1c667c395b33e74865"}
,"D:\\Studying\\ats_project\\backend\\models\\ActionLog.js": {"path":"D:\\Studying\\ats_project\\backend\\models\\ActionLog.js","statementMap":{"0":{"start":{"line":1,"column":13},"end":{"line":1,"column":36}},"1":{"start":{"line":3,"column":18},"end":{"line":21,"column":1}},"2":{"start":{"line":5,"column":8},"end":{"line":14,"column":9}},"3":{"start":{"line":6,"column":27},"end":{"line":9,"column":13}},"4":{"start":{"line":10,"column":12},"end":{"line":10,"column":34}},"5":{"start":{"line":12,"column":12},"end":{"line":12,"column":58}},"6":{"start":{"line":13,"column":12},"end":{"line":13,"column":24}},"7":{"start":{"line":18,"column":23},"end":{"line":18,"column":92}},"8":{"start":{"line":19,"column":8},"end":{"line":19,"column":27}},"9":{"start":{"line":23,"column":0},"end":{"line":23,"column":27}}},"fnMap":{"0":{"name":"(anonymous_0)","decl":{"start":{"line":4,"column":4},"end":{"line":4,"column":5}},"loc":{"start":{"line":4,"column":36},"end":{"line":15,"column":5}},"line":4},"1":{"name":"(anonymous_1)","decl":{"start":{"line":17,"column":4},"end":{"line":17,"column":5}},"loc":{"start":{"line":17,"column":19},"end":{"line":20,"column":5}},"line":17}},"branchMap":{},"s":{"0":1,"1":1,"2":0,"3":0,"4":0,"5":0,"6":0,"7":0,"8":0,"9":1},"f":{"0":0,"1":0},"b":{},"_coverageSchema":"1a1c01bbd47fc00a2c39e90264f33305004495a9","hash":"a6f09a7fe75bdbc689dce96f0b307887e0c9e7d0"}
,"D:\\Studying\\ats_project\\backend\\models\\Analytics.js": {"path":"D:\\Studying\\ats_project\\backend\\models\\Analytics.js","statementMap":{"0":{"start":{"line":1,"column":13},"end":{"line":1,"column":36}},"1":{"start":{"line":3,"column":18},"end":{"line":67,"column":1}},"2":{"start":{"line":5,"column":19},"end":{"line":12,"column":5}},"3":{"start":{"line":13,"column":4},"end":{"line":13,"column":23}},"4":{"start":{"line":17,"column":19},"end":{"line":33,"column":5}},"5":{"start":{"line":34,"column":4},"end":{"line":34,"column":23}},"6":{"start":{"line":38,"column":19},"end":{"line":54,"column":5}},"7":{"start":{"line":55,"column":4},"end":{"line":55,"column":23}},"8":{"start":{"line":59,"column":19},"end":{"line":63,"column":5}},"9":{"start":{"line":64,"column":4},"end":{"line":64,"column":26}},"10":{"start":{"line":69,"column":0},"end":{"line":69,"column":27}}},"fnMap":{"0":{"name":"(anonymous_0)","decl":{"start":{"line":4,"column":2},"end":{"line":4,"column":3}},"loc":{"start":{"line":4,"column":30},"end":{"line":14,"column":3}},"line":4},"1":{"name":"(anonymous_1)","decl":{"start":{"line":16,"column":2},"end":{"line":16,"column":3}},"loc":{"start":{"line":16,"column":35},"end":{"line":35,"column":3}},"line":16},"2":{"name":"(anonymous_2)","decl":{"start":{"line":37,"column":2},"end":{"line":37,"column":3}},"loc":{"start":{"line":37,"column":34},"end":{"line":56,"column":3}},"line":37},"3":{"name":"(anonymous_3)","decl":{"start":{"line":58,"column":2},"end":{"line":58,"column":3}},"loc":{"start":{"line":58,"column":32},"end":{"line":65,"column":3}},"line":58}},"branchMap":{},"s":{"0":1,"1":1,"2":0,"3":0,"4":0,"5":0,"6":0,"7":0,"8":0,"9":0,"10":1},"f":{"0":0,"1":0,"2":0,"3":0},"b":{},"_coverageSchema":"1a1c01bbd47fc00a2c39e90264f33305004495a9","hash":"461c96612bc0a5350c5961d66bef6dc0db39122d"}
,"D:\\Studying\\ats_project\\backend\\models\\Candidate.js": {"path":"D:\\Studying\\ats_project\\backend\\models\\Candidate.js","statementMap":{"0":{"start":{"line":1,"column":13},"end":{"line":1,"column":36}},"1":{"start":{"line":3,"column":18},"end":{"line":43,"column":1}},"2":{"start":{"line":5,"column":19},"end":{"line":8,"column":5}},"3":{"start":{"line":9,"column":4},"end":{"line":9,"column":26}},"4":{"start":{"line":13,"column":19},"end":{"line":13,"column":63}},"5":{"start":{"line":14,"column":4},"end":{"line":14,"column":23}},"6":{"start":{"line":18,"column":19},"end":{"line":21,"column":5}},"7":{"start":{"line":22,"column":4},"end":{"line":22,"column":23}},"8":{"start":{"line":27,"column":19},"end":{"line":30,"column":5}},"9":{"start":{"line":31,"column":4},"end":{"line":31,"column":23}},"10":{"start":{"line":36,"column":4},"end":{"line":36,"column":91}},"11":{"start":{"line":37,"column":19},"end":{"line":40,"column":5}},"12":{"start":{"line":41,"column":4},"end":{"line":41,"column":26}},"13":{"start":{"line":45,"column":0},"end":{"line":45,"column":27}}},"fnMap":{"0":{"name":"(anonymous_0)","decl":{"start":{"line":4,"column":2},"end":{"line":4,"column":3}},"loc":{"start":{"line":4,"column":47},"end":{"line":10,"column":3}},"line":4},"1":{"name":"(anonymous_1)","decl":{"start":{"line":12,"column":2},"end":{"line":12,"column":3}},"loc":{"start":{"line":12,"column":17},"end":{"line":15,"column":3}},"line":12},"2":{"name":"(anonymous_2)","decl":{"start":{"line":17,"column":2},"end":{"line":17,"column":3}},"loc":{"start":{"line":17,"column":35},"end":{"line":23,"column":3}},"line":17},"3":{"name":"(anonymous_3)","decl":{"start":{"line":26,"column":2},"end":{"line":26,"column":3}},"loc":{"start":{"line":26,"column":37},"end":{"line":32,"column":3}},"line":26},"4":{"name":"(anonymous_4)","decl":{"start":{"line":35,"column":2},"end":{"line":35,"column":3}},"loc":{"start":{"line":35,"column":28},"end":{"line":42,"column":3}},"line":35}},"branchMap":{},"s":{"0":1,"1":1,"2":1,"3":1,"4":0,"5":0,"6":0,"7":0,"8":0,"9":0,"10":1,"11":1,"12":1,"13":1},"f":{"0":1,"1":0,"2":0,"3":0,"4":1},"b":{},"_coverageSchema":"1a1c01bbd47fc00a2c39e90264f33305004495a9","hash":"9b9717966067814a8a032f5c98cc668d609c56c2"}
,"D:\\Studying\\ats_project\\backend\\models\\CandidateComment.js": {"path":"D:\\Studying\\ats_project\\backend\\models\\CandidateComment.js","statementMap":{"0":{"start":{"line":1,"column":13},"end":{"line":1,"column":36}},"1":{"start":{"line":3,"column":25},"end":{"line":19,"column":1}},"2":{"start":{"line":5,"column":19},"end":{"line":8,"column":5}},"3":{"start":{"line":9,"column":4},"end":{"line":9,"column":26}},"4":{"start":{"line":13,"column":19},"end":{"line":16,"column":5}},"5":{"start":{"line":17,"column":4},"end":{"line":17,"column":23}},"6":{"start":{"line":21,"column":0},"end":{"line":21,"column":34}}},"fnMap":{"0":{"name":"(anonymous_0)","decl":{"start":{"line":4,"column":2},"end":{"line":4,"column":3}},"loc":{"start":{"line":4,"column":50},"end":{"line":10,"column":3}},"line":4},"1":{"name":"(anonymous_1)","decl":{"start":{"line":12,"column":2},"end":{"line":12,"column":3}},"loc":{"start":{"line":12,"column":39},"end":{"line":18,"column":3}},"line":12}},"branchMap":{},"s":{"0":1,"1":1,"2":0,"3":0,"4":0,"5":0,"6":1},"f":{"0":0,"1":0},"b":{},"_coverageSchema":"1a1c01bbd47fc00a2c39e90264f33305004495a9","hash":"be6b7b37add637b363673e7a3fdcf7cefda9bdda"}
,"D:\\Studying\\ats_project\\backend\\models\\CandidateStage.js": {"path":"D:\\Studying\\ats_project\\backend\\models\\CandidateStage.js","statementMap":{"0":{"start":{"line":1,"column":13},"end":{"line":1,"column":36}},"1":{"start":{"line":3,"column":23},"end":{"line":90,"column":1}},"2":{"start":{"line":5,"column":19},"end":{"line":12,"column":5}},"3":{"start":{"line":15,"column":26},"end":{"line":24,"column":5}},"4":{"start":{"line":26,"column":4},"end":{"line":26,"column":33}},"5":{"start":{"line":30,"column":19},"end":{"line":35,"column":30}},"6":{"start":{"line":36,"column":4},"end":{"line":36,"column":26}},"7":{"start":{"line":40,"column":19},"end":{"line":43,"column":5}},"8":{"start":{"line":44,"column":4},"end":{"line":44,"column":26}},"9":{"start":{"line":48,"column":19},"end":{"line":52,"column":6}},"10":{"start":{"line":53,"column":4},"end":{"line":53,"column":23}},"11":{"start":{"line":57,"column":19},"end":{"line":71,"column":15}},"12":{"start":{"line":73,"column":4},"end":{"line":73,"column":23}},"13":{"start":{"line":77,"column":19},"end":{"line":80,"column":5}},"14":{"start":{"line":81,"column":4},"end":{"line":81,"column":23}},"15":{"start":{"line":85,"column":4},"end":{"line":88,"column":6}},"16":{"start":{"line":92,"column":0},"end":{"line":92,"column":32}}},"fnMap":{"0":{"name":"(anonymous_0)","decl":{"start":{"line":4,"column":2},"end":{"line":4,"column":3}},"loc":{"start":{"line":4,"column":37},"end":{"line":27,"column":3}},"line":4},"1":{"name":"(anonymous_1)","decl":{"start":{"line":29,"column":2},"end":{"line":29,"column":3}},"loc":{"start":{"line":29,"column":42},"end":{"line":37,"column":3}},"line":29},"2":{"name":"(anonymous_2)","decl":{"start":{"line":39,"column":2},"end":{"line":39,"column":3}},"loc":{"start":{"line":39,"column":36},"end":{"line":45,"column":3}},"line":39},"3":{"name":"(anonymous_3)","decl":{"start":{"line":47,"column":2},"end":{"line":47,"column":3}},"loc":{"start":{"line":47,"column":27},"end":{"line":54,"column":3}},"line":47},"4":{"name":"(anonymous_4)","decl":{"start":{"line":56,"column":2},"end":{"line":56,"column":3}},"loc":{"start":{"line":56,"column":34},"end":{"line":74,"column":3}},"line":56},"5":{"name":"(anonymous_5)","decl":{"start":{"line":76,"column":2},"end":{"line":76,"column":3}},"loc":{"start":{"line":76,"column":28},"end":{"line":82,"column":3}},"line":76},"6":{"name":"(anonymous_6)","decl":{"start":{"line":84,"column":2},"end":{"line":84,"column":3}},"loc":{"start":{"line":84,"column":41},"end":{"line":89,"column":3}},"line":84}},"branchMap":{},"s":{"0":1,"1":1,"2":1,"3":1,"4":1,"5":0,"6":0,"7":0,"8":0,"9":0,"10":0,"11":0,"12":0,"13":0,"14":0,"15":1,"16":1},"f":{"0":1,"1":0,"2":0,"3":0,"4":0,"5":0,"6":1},"b":{},"_coverageSchema":"1a1c01bbd47fc00a2c39e90264f33305004495a9","hash":"38c9bf66b95308aa25f3551234c25bafb44910af"}
,"D:\\Studying\\ats_project\\backend\\models\\Job.js": {"path":"D:\\Studying\\ats_project\\backend\\models\\Job.js","statementMap":{"0":{"start":{"line":1,"column":13},"end":{"line":1,"column":36}},"1":{"start":{"line":3,"column":12},"end":{"line":53,"column":1}},"2":{"start":{"line":5,"column":19},"end":{"line":8,"column":5}},"3":{"start":{"line":9,"column":4},"end":{"line":9,"column":26}},"4":{"start":{"line":13,"column":19},"end":{"line":18,"column":6}},"5":{"start":{"line":19,"column":4},"end":{"line":19,"column":23}},"6":{"start":{"line":23,"column":19},"end":{"line":23,"column":77}},"7":{"start":{"line":24,"column":4},"end":{"line":24,"column":26}},"8":{"start":{"line":28,"column":19},"end":{"line":31,"column":5}},"9":{"start":{"line":32,"column":4},"end":{"line":32,"column":26}},"10":{"start":{"line":36,"column":21},"end":{"line":36,"column":60}},"11":{"start":{"line":38,"column":19},"end":{"line":44,"column":5}},"12":{"start":{"line":46,"column":4},"end":{"line":46,"column":26}},"13":{"start":{"line":50,"column":19},"end":{"line":50,"column":87}},"14":{"start":{"line":51,"column":4},"end":{"line":51,"column":26}},"15":{"start":{"line":55,"column":0},"end":{"line":55,"column":21}}},"fnMap":{"0":{"name":"(anonymous_0)","decl":{"start":{"line":4,"column":2},"end":{"line":4,"column":3}},"loc":{"start":{"line":4,"column":46},"end":{"line":10,"column":3}},"line":4},"1":{"name":"(anonymous_1)","decl":{"start":{"line":12,"column":2},"end":{"line":12,"column":3}},"loc":{"start":{"line":12,"column":17},"end":{"line":20,"column":3}},"line":12},"2":{"name":"(anonymous_2)","decl":{"start":{"line":22,"column":2},"end":{"line":22,"column":3}},"loc":{"start":{"line":22,"column":20},"end":{"line":25,"column":3}},"line":22},"3":{"name":"(anonymous_3)","decl":{"start":{"line":27,"column":2},"end":{"line":27,"column":3}},"loc":{"start":{"line":27,"column":39},"end":{"line":33,"column":3}},"line":27},"4":{"name":"(anonymous_4)","decl":{"start":{"line":35,"column":2},"end":{"line":35,"column":3}},"loc":{"start":{"line":35,"column":33},"end":{"line":47,"column":3}},"line":35},"5":{"name":"(anonymous_5)","decl":{"start":{"line":49,"column":2},"end":{"line":49,"column":3}},"loc":{"start":{"line":49,"column":19},"end":{"line":52,"column":3}},"line":49}},"branchMap":{"0":{"loc":{"start":{"line":7,"column":27},"end":{"line":7,"column":44}},"type":"binary-expr","locations":[{"start":{"line":7,"column":27},"end":{"line":7,"column":36}},{"start":{"line":7,"column":40},"end":{"line":7,"column":44}}],"line":7},"1":{"loc":{"start":{"line":36,"column":21},"end":{"line":36,"column":60}},"type":"cond-expr","locations":[{"start":{"line":36,"column":43},"end":{"line":36,"column":53}},{"start":{"line":36,"column":56},"end":{"line":36,"column":60}}],"line":36}},"s":{"0":1,"1":1,"2":1,"3":1,"4":1,"5":1,"6":0,"7":0,"8":1,"9":1,"10":0,"11":0,"12":0,"13":1,"14":1,"15":1},"f":{"0":1,"1":1,"2":0,"3":1,"4":0,"5":1},"b":{"0":[1,1],"1":[0,0]},"_coverageSchema":"1a1c01bbd47fc00a2c39e90264f33305004495a9","hash":"94f2c48ee13689021f9eabe5235aaea4d0701d02"}
,"D:\\Studying\\ats_project\\backend\\models\\JobType.js": {"path":"D:\\Studying\\ats_project\\backend\\models\\JobType.js","statementMap":{"0":{"start":{"line":1,"column":13},"end":{"line":1,"column":36}},"1":{"start":{"line":3,"column":16},"end":{"line":35,"column":1}},"2":{"start":{"line":5,"column":19},"end":{"line":8,"column":5}},"3":{"start":{"line":9,"column":4},"end":{"line":9,"column":26}},"4":{"start":{"line":13,"column":19},"end":{"line":13,"column":61}},"5":{"start":{"line":14,"column":4},"end":{"line":14,"column":23}},"6":{"start":{"line":18,"column":4},"end":{"line":21,"column":6}},"7":{"start":{"line":26,"column":4},"end":{"line":26,"column":42}},"8":{"start":{"line":29,"column":19},"end":{"line":32,"column":5}},"9":{"start":{"line":33,"column":4},"end":{"line":33,"column":26}},"10":{"start":{"line":37,"column":0},"end":{"line":37,"column":25}}},"fnMap":{"0":{"name":"(anonymous_0)","decl":{"start":{"line":4,"column":2},"end":{"line":4,"column":3}},"loc":{"start":{"line":4,"column":25},"end":{"line":10,"column":3}},"line":4},"1":{"name":"(anonymous_1)","decl":{"start":{"line":12,"column":2},"end":{"line":12,"column":3}},"loc":{"start":{"line":12,"column":17},"end":{"line":15,"column":3}},"line":12},"2":{"name":"(anonymous_2)","decl":{"start":{"line":17,"column":2},"end":{"line":17,"column":3}},"loc":{"start":{"line":17,"column":35},"end":{"line":22,"column":3}},"line":17},"3":{"name":"(anonymous_3)","decl":{"start":{"line":24,"column":2},"end":{"line":24,"column":3}},"loc":{"start":{"line":24,"column":19},"end":{"line":34,"column":3}},"line":24}},"branchMap":{},"s":{"0":1,"1":1,"2":0,"3":0,"4":0,"5":0,"6":0,"7":0,"8":0,"9":0,"10":1},"f":{"0":0,"1":0,"2":0,"3":0},"b":{},"_coverageSchema":"1a1c01bbd47fc00a2c39e90264f33305004495a9","hash":"dac34cfb803c532ec8c628cad3909dd9c8caeeba"}
,"D:\\Studying\\ats_project\\backend\\models\\Notification.js": {"path":"D:\\Studying\\ats_project\\backend\\models\\Notification.js","statementMap":{"0":{"start":{"line":1,"column":13},"end":{"line":1,"column":36}},"1":{"start":{"line":3,"column":21},"end":{"line":27,"column":1}},"2":{"start":{"line":5,"column":19},"end":{"line":8,"column":5}},"3":{"start":{"line":9,"column":4},"end":{"line":9,"column":26}},"4":{"start":{"line":13,"column":19},"end":{"line":16,"column":5}},"5":{"start":{"line":17,"column":4},"end":{"line":17,"column":23}},"6":{"start":{"line":21,"column":19},"end":{"line":24,"column":5}},"7":{"start":{"line":25,"column":4},"end":{"line":25,"column":26}},"8":{"start":{"line":29,"column":0},"end":{"line":29,"column":30}}},"fnMap":{"0":{"name":"(anonymous_0)","decl":{"start":{"line":4,"column":2},"end":{"line":4,"column":3}},"loc":{"start":{"line":4,"column":32},"end":{"line":10,"column":3}},"line":4},"1":{"name":"(anonymous_1)","decl":{"start":{"line":12,"column":2},"end":{"line":12,"column":3}},"loc":{"start":{"line":12,"column":26},"end":{"line":18,"column":3}},"line":12},"2":{"name":"(anonymous_2)","decl":{"start":{"line":20,"column":2},"end":{"line":20,"column":3}},"loc":{"start":{"line":20,"column":35},"end":{"line":26,"column":3}},"line":20}},"branchMap":{},"s":{"0":1,"1":1,"2":4,"3":4,"4":0,"5":0,"6":0,"7":0,"8":1},"f":{"0":4,"1":0,"2":0},"b":{},"_coverageSchema":"1a1c01bbd47fc00a2c39e90264f33305004495a9","hash":"448e4a7a66c9d6c4e13bd71b8a20bc176c54124f"}
,"D:\\Studying\\ats_project\\backend\\models\\Report.js": {"path":"D:\\Studying\\ats_project\\backend\\models\\Report.js","statementMap":{"0":{"start":{"line":1,"column":13},"end":{"line":1,"column":36}},"1":{"start":{"line":3,"column":15},"end":{"line":24,"column":1}},"2":{"start":{"line":5,"column":19},"end":{"line":8,"column":5}},"3":{"start":{"line":9,"column":4},"end":{"line":9,"column":26}},"4":{"start":{"line":13,"column":19},"end":{"line":13,"column":84}},"5":{"start":{"line":14,"column":4},"end":{"line":14,"column":23}},"6":{"start":{"line":18,"column":19},"end":{"line":21,"column":5}},"7":{"start":{"line":22,"column":4},"end":{"line":22,"column":23}},"8":{"start":{"line":26,"column":0},"end":{"line":26,"column":24}}},"fnMap":{"0":{"name":"(anonymous_0)","decl":{"start":{"line":4,"column":2},"end":{"line":4,"column":3}},"loc":{"start":{"line":4,"column":39},"end":{"line":10,"column":3}},"line":4},"1":{"name":"(anonymous_1)","decl":{"start":{"line":12,"column":2},"end":{"line":12,"column":3}},"loc":{"start":{"line":12,"column":17},"end":{"line":15,"column":3}},"line":12},"2":{"name":"(anonymous_2)","decl":{"start":{"line":17,"column":2},"end":{"line":17,"column":3}},"loc":{"start":{"line":17,"column":26},"end":{"line":23,"column":3}},"line":17}},"branchMap":{},"s":{"0":1,"1":1,"2":0,"3":0,"4":0,"5":0,"6":0,"7":0,"8":1},"f":{"0":0,"1":0,"2":0},"b":{},"_coverageSchema":"1a1c01bbd47fc00a2c39e90264f33305004495a9","hash":"487a37f6ab85d874ce7df5912ad91949cda89ec0"}
,"D:\\Studying\\ats_project\\backend\\models\\Stage.js": {"path":"D:\\Studying\\ats_project\\backend\\models\\Stage.js","statementMap":{"0":{"start":{"line":1,"column":13},"end":{"line":1,"column":36}},"1":{"start":{"line":3,"column":14},"end":{"line":63,"column":1}},"2":{"start":{"line":5,"column":19},"end":{"line":8,"column":5}},"3":{"start":{"line":9,"column":4},"end":{"line":9,"column":26}},"4":{"start":{"line":13,"column":19},"end":{"line":13,"column":86}},"5":{"start":{"line":14,"column":4},"end":{"line":14,"column":23}},"6":{"start":{"line":18,"column":19},"end":{"line":21,"column":5}},"7":{"start":{"line":22,"column":4},"end":{"line":22,"column":26}},"8":{"start":{"line":26,"column":19},"end":{"line":26,"column":79}},"9":{"start":{"line":27,"column":4},"end":{"line":27,"column":26}},"10":{"start":{"line":31,"column":19},"end":{"line":34,"column":5}},"11":{"start":{"line":35,"column":4},"end":{"line":35,"column":23}},"12":{"start":{"line":39,"column":19},"end":{"line":42,"column":5}},"13":{"start":{"line":43,"column":4},"end":{"line":43,"column":26}},"14":{"start":{"line":47,"column":19},"end":{"line":50,"column":5}},"15":{"start":{"line":51,"column":4},"end":{"line":51,"column":26}},"16":{"start":{"line":56,"column":4},"end":{"line":56,"column":78}},"17":{"start":{"line":59,"column":19},"end":{"line":59,"column":89}},"18":{"start":{"line":60,"column":4},"end":{"line":60,"column":26}},"19":{"start":{"line":65,"column":0},"end":{"line":65,"column":23}}},"fnMap":{"0":{"name":"(anonymous_0)","decl":{"start":{"line":4,"column":2},"end":{"line":4,"column":3}},"loc":{"start":{"line":4,"column":28},"end":{"line":10,"column":3}},"line":4},"1":{"name":"(anonymous_1)","decl":{"start":{"line":12,"column":2},"end":{"line":12,"column":3}},"loc":{"start":{"line":12,"column":27},"end":{"line":15,"column":3}},"line":12},"2":{"name":"(anonymous_2)","decl":{"start":{"line":17,"column":2},"end":{"line":17,"column":3}},"loc":{"start":{"line":17,"column":37},"end":{"line":23,"column":3}},"line":17},"3":{"name":"(anonymous_3)","decl":{"start":{"line":25,"column":2},"end":{"line":25,"column":3}},"loc":{"start":{"line":25,"column":20},"end":{"line":28,"column":3}},"line":25},"4":{"name":"(anonymous_4)","decl":{"start":{"line":30,"column":2},"end":{"line":30,"column":3}},"loc":{"start":{"line":30,"column":28},"end":{"line":36,"column":3}},"line":30},"5":{"name":"(anonymous_5)","decl":{"start":{"line":38,"column":2},"end":{"line":38,"column":3}},"loc":{"start":{"line":38,"column":29},"end":{"line":44,"column":3}},"line":38},"6":{"name":"(anonymous_6)","decl":{"start":{"line":46,"column":2},"end":{"line":46,"column":3}},"loc":{"start":{"line":46,"column":25},"end":{"line":52,"column":3}},"line":46},"7":{"name":"(anonymous_7)","decl":{"start":{"line":54,"column":2},"end":{"line":54,"column":3}},"loc":{"start":{"line":54,"column":19},"end":{"line":61,"column":3}},"line":54}},"branchMap":{},"s":{"0":1,"1":1,"2":1,"3":1,"4":1,"5":1,"6":0,"7":0,"8":0,"9":0,"10":0,"11":0,"12":0,"13":0,"14":0,"15":0,"16":0,"17":0,"18":0,"19":1},"f":{"0":1,"1":1,"2":0,"3":0,"4":0,"5":0,"6":0,"7":0},"b":{},"_coverageSchema":"1a1c01bbd47fc00a2c39e90264f33305004495a9","hash":"6a1ae1d0243ae68ce3aa1deb3a04eaf42e0e718a"}
,"D:\\Studying\\ats_project\\backend\\models\\User.js": {"path":"D:\\Studying\\ats_project\\backend\\models\\User.js","statementMap":{"0":{"start":{"line":1,"column":13},"end":{"line":1,"column":36}},"1":{"start":{"line":2,"column":15},"end":{"line":2,"column":34}},"2":{"start":{"line":4,"column":13},"end":{"line":34,"column":1}},"3":{"start":{"line":6,"column":27},"end":{"line":6,"column":58}},"4":{"start":{"line":7,"column":19},"end":{"line":10,"column":5}},"5":{"start":{"line":11,"column":4},"end":{"line":11,"column":26}},"6":{"start":{"line":15,"column":19},"end":{"line":15,"column":90}},"7":{"start":{"line":16,"column":4},"end":{"line":16,"column":26}},"8":{"start":{"line":20,"column":19},"end":{"line":20,"column":75}},"9":{"start":{"line":21,"column":4},"end":{"line":21,"column":23}},"10":{"start":{"line":25,"column":19},"end":{"line":25,"column":99}},"11":{"start":{"line":26,"column":4},"end":{"line":26,"column":23}},"12":{"start":{"line":30,"column":19},"end":{"line":30,"column":88}},"13":{"start":{"line":31,"column":4},"end":{"line":31,"column":26}},"14":{"start":{"line":36,"column":0},"end":{"line":36,"column":22}}},"fnMap":{"0":{"name":"(anonymous_0)","decl":{"start":{"line":5,"column":2},"end":{"line":5,"column":3}},"loc":{"start":{"line":5,"column":41},"end":{"line":12,"column":3}},"line":5},"1":{"name":"(anonymous_1)","decl":{"start":{"line":14,"column":2},"end":{"line":14,"column":3}},"loc":{"start":{"line":14,"column":33},"end":{"line":17,"column":3}},"line":14},"2":{"name":"(anonymous_2)","decl":{"start":{"line":19,"column":2},"end":{"line":19,"column":3}},"loc":{"start":{"line":19,"column":17},"end":{"line":22,"column":3}},"line":19},"3":{"name":"(anonymous_3)","decl":{"start":{"line":24,"column":2},"end":{"line":24,"column":3}},"loc":{"start":{"line":24,"column":24},"end":{"line":27,"column":3}},"line":24},"4":{"name":"(anonymous_4)","decl":{"start":{"line":29,"column":2},"end":{"line":29,"column":3}},"loc":{"start":{"line":29,"column":19},"end":{"line":32,"column":3}},"line":29}},"branchMap":{},"s":{"0":1,"1":1,"2":1,"3":1,"4":1,"5":1,"6":3,"7":3,"8":1,"9":1,"10":0,"11":0,"12":1,"13":1,"14":1},"f":{"0":1,"1":3,"2":1,"3":0,"4":1},"b":{},"_coverageSchema":"1a1c01bbd47fc00a2c39e90264f33305004495a9","hash":"0fd20614740ac0639aea9494fa2849bce3913942"}
,"D:\\Studying\\ats_project\\backend\\routes\\actionLogRoutes.js": {"path":"D:\\Studying\\ats_project\\backend\\routes\\actionLogRoutes.js","statementMap":{"0":{"start":{"line":1,"column":16},"end":{"line":1,"column":34}},"1":{"start":{"line":2,"column":15},"end":{"line":2,"column":31}},"2":{"start":{"line":3,"column":28},"end":{"line":3,"column":73}},"3":{"start":{"line":4,"column":41},"end":{"line":4,"column":80}},"4":{"start":{"line":7,"column":0},"end":{"line":7,"column":87}},"5":{"start":{"line":9,"column":0},"end":{"line":9,"column":24}}},"fnMap":{},"branchMap":{},"s":{"0":1,"1":1,"2":1,"3":1,"4":1,"5":1},"f":{},"b":{},"_coverageSchema":"1a1c01bbd47fc00a2c39e90264f33305004495a9","hash":"4a178d356e7abc7c3f8ec4738b5650de0193d291"}
,"D:\\Studying\\ats_project\\backend\\routes\\analyticsRoutes.js": {"path":"D:\\Studying\\ats_project\\backend\\routes\\analyticsRoutes.js","statementMap":{"0":{"start":{"line":1,"column":16},"end":{"line":1,"column":34}},"1":{"start":{"line":2,"column":28},"end":{"line":2,"column":73}},"2":{"start":{"line":3,"column":25},"end":{"line":3,"column":64}},"3":{"start":{"line":4,"column":15},"end":{"line":4,"column":31}},"4":{"start":{"line":6,"column":0},"end":{"line":6,"column":81}},"5":{"start":{"line":7,"column":0},"end":{"line":7,"column":89}},"6":{"start":{"line":8,"column":0},"end":{"line":8,"column":90}},"7":{"start":{"line":9,"column":0},"end":{"line":9,"column":95}},"8":{"start":{"line":11,"column":0},"end":{"line":11,"column":24}}},"fnMap":{},"branchMap":{},"s":{"0":1,"1":1,"2":1,"3":1,"4":1,"5":1,"6":1,"7":1,"8":1},"f":{},"b":{},"_coverageSchema":"1a1c01bbd47fc00a2c39e90264f33305004495a9","hash":"74aa2fa9c1f4fc012cfd6603375b4569a1b571c0"}
,"D:\\Studying\\ats_project\\backend\\routes\\authRoutes.js": {"path":"D:\\Studying\\ats_project\\backend\\routes\\authRoutes.js","statementMap":{"0":{"start":{"line":1,"column":16},"end":{"line":1,"column":34}},"1":{"start":{"line":2,"column":43},"end":{"line":2,"column":82}},"2":{"start":{"line":3,"column":23},"end":{"line":3,"column":63}},"3":{"start":{"line":4,"column":15},"end":{"line":4,"column":31}},"4":{"start":{"line":7,"column":0},"end":{"line":7,"column":91}},"5":{"start":{"line":8,"column":0},"end":{"line":8,"column":44}},"6":{"start":{"line":9,"column":0},"end":{"line":9,"column":46}},"7":{"start":{"line":12,"column":0},"end":{"line":12,"column":99}},"8":{"start":{"line":15,"column":0},"end":{"line":15,"column":92}},"9":{"start":{"line":17,"column":0},"end":{"line":17,"column":24}}},"fnMap":{},"branchMap":{},"s":{"0":1,"1":1,"2":1,"3":1,"4":1,"5":1,"6":1,"7":1,"8":1,"9":1},"f":{},"b":{},"_coverageSchema":"1a1c01bbd47fc00a2c39e90264f33305004495a9","hash":"ff873dabc90517b944fc53fdce9cbd72c919271b"}
,"D:\\Studying\\ats_project\\backend\\routes\\candidateCommentRoutes.js": {"path":"D:\\Studying\\ats_project\\backend\\routes\\candidateCommentRoutes.js","statementMap":{"0":{"start":{"line":1,"column":16},"end":{"line":1,"column":34}},"1":{"start":{"line":2,"column":15},"end":{"line":2,"column":31}},"2":{"start":{"line":3,"column":35},"end":{"line":3,"column":87}},"3":{"start":{"line":4,"column":25},"end":{"line":4,"column":64}},"4":{"start":{"line":7,"column":0},"end":{"line":7,"column":68}},"5":{"start":{"line":10,"column":0},"end":{"line":10,"column":90}},"6":{"start":{"line":12,"column":0},"end":{"line":12,"column":24}}},"fnMap":{},"branchMap":{},"s":{"0":1,"1":1,"2":1,"3":1,"4":1,"5":1,"6":1},"f":{},"b":{},"_coverageSchema":"1a1c01bbd47fc00a2c39e90264f33305004495a9","hash":"b8c32e0324f23237362b74181d18597b9492fd36"}
,"D:\\Studying\\ats_project\\backend\\routes\\candidateRoutes.js": {"path":"D:\\Studying\\ats_project\\backend\\routes\\candidateRoutes.js","statementMap":{"0":{"start":{"line":1,"column":16},"end":{"line":1,"column":34}},"1":{"start":{"line":2,"column":28},"end":{"line":2,"column":73}},"2":{"start":{"line":3,"column":25},"end":{"line":3,"column":64}},"3":{"start":{"line":4,"column":15},"end":{"line":4,"column":31}},"4":{"start":{"line":6,"column":0},"end":{"line":6,"column":61}},"5":{"start":{"line":7,"column":0},"end":{"line":7,"column":60}},"6":{"start":{"line":8,"column":0},"end":{"line":8,"column":79}},"7":{"start":{"line":9,"column":0},"end":{"line":9,"column":91}},"8":{"start":{"line":10,"column":0},"end":{"line":10,"column":75}},"9":{"start":{"line":13,"column":0},"end":{"line":13,"column":24}}},"fnMap":{},"branchMap":{},"s":{"0":1,"1":1,"2":1,"3":1,"4":1,"5":1,"6":1,"7":1,"8":1,"9":1},"f":{},"b":{},"_coverageSchema":"1a1c01bbd47fc00a2c39e90264f33305004495a9","hash":"9e21d2584cfe556c33010d2875766aac3be5c6e0"}
,"D:\\Studying\\ats_project\\backend\\routes\\candidateStageRoutes.js": {"path":"D:\\Studying\\ats_project\\backend\\routes\\candidateStageRoutes.js","statementMap":{"0":{"start":{"line":1,"column":16},"end":{"line":1,"column":34}},"1":{"start":{"line":2,"column":33},"end":{"line":2,"column":83}},"2":{"start":{"line":3,"column":25},"end":{"line":3,"column":64}},"3":{"start":{"line":4,"column":15},"end":{"line":4,"column":31}},"4":{"start":{"line":6,"column":0},"end":{"line":6,"column":72}},"5":{"start":{"line":7,"column":0},"end":{"line":7,"column":80}},"6":{"start":{"line":8,"column":0},"end":{"line":8,"column":82}},"7":{"start":{"line":10,"column":0},"end":{"line":10,"column":24}}},"fnMap":{},"branchMap":{},"s":{"0":1,"1":1,"2":1,"3":1,"4":1,"5":1,"6":1,"7":1},"f":{},"b":{},"_coverageSchema":"1a1c01bbd47fc00a2c39e90264f33305004495a9","hash":"7dc2a142e65c375b83bf00d90edd65b4de1c5224"}
,"D:\\Studying\\ats_project\\backend\\routes\\jobRoutes.js": {"path":"D:\\Studying\\ats_project\\backend\\routes\\jobRoutes.js","statementMap":{"0":{"start":{"line":1,"column":16},"end":{"line":1,"column":34}},"1":{"start":{"line":2,"column":22},"end":{"line":2,"column":61}},"2":{"start":{"line":3,"column":25},"end":{"line":3,"column":64}},"3":{"start":{"line":4,"column":15},"end":{"line":4,"column":31}},"4":{"start":{"line":6,"column":0},"end":{"line":6,"column":55}},"5":{"start":{"line":7,"column":0},"end":{"line":7,"column":54}},"6":{"start":{"line":8,"column":0},"end":{"line":8,"column":58}},"7":{"start":{"line":9,"column":0},"end":{"line":9,"column":57}},"8":{"start":{"line":10,"column":0},"end":{"line":10,"column":70}},"9":{"start":{"line":11,"column":0},"end":{"line":11,"column":60}},"10":{"start":{"line":13,"column":0},"end":{"line":13,"column":24}}},"fnMap":{},"branchMap":{},"s":{"0":1,"1":1,"2":1,"3":1,"4":1,"5":1,"6":1,"7":1,"8":1,"9":1,"10":1},"f":{},"b":{},"_coverageSchema":"1a1c01bbd47fc00a2c39e90264f33305004495a9","hash":"fc8c7d55cf4a1384d9e906f8cf3b3065327f3294"}
,"D:\\Studying\\ats_project\\backend\\routes\\jobTypeRoutes.js": {"path":"D:\\Studying\\ats_project\\backend\\routes\\jobTypeRoutes.js","statementMap":{"0":{"start":{"line":1,"column":16},"end":{"line":1,"column":34}},"1":{"start":{"line":2,"column":15},"end":{"line":2,"column":31}},"2":{"start":{"line":3,"column":26},"end":{"line":3,"column":69}},"3":{"start":{"line":4,"column":25},"end":{"line":4,"column":64}},"4":{"start":{"line":6,"column":0},"end":{"line":6,"column":59}},"5":{"start":{"line":7,"column":0},"end":{"line":7,"column":58}},"6":{"start":{"line":8,"column":0},"end":{"line":8,"column":64}},"7":{"start":{"line":10,"column":0},"end":{"line":10,"column":24}}},"fnMap":{},"branchMap":{},"s":{"0":1,"1":1,"2":1,"3":1,"4":1,"5":1,"6":1,"7":1},"f":{},"b":{},"_coverageSchema":"1a1c01bbd47fc00a2c39e90264f33305004495a9","hash":"6aff2adcb76ca4bc1053f23a6b145b333bcd160a"}
,"D:\\Studying\\ats_project\\backend\\routes\\notificationRoutes.js": {"path":"D:\\Studying\\ats_project\\backend\\routes\\notificationRoutes.js","statementMap":{"0":{"start":{"line":1,"column":16},"end":{"line":1,"column":34}},"1":{"start":{"line":2,"column":15},"end":{"line":2,"column":31}},"2":{"start":{"line":3,"column":31},"end":{"line":3,"column":79}},"3":{"start":{"line":4,"column":27},"end":{"line":4,"column":66}},"4":{"start":{"line":7,"column":0},"end":{"line":7,"column":73}},"5":{"start":{"line":10,"column":0},"end":{"line":10,"column":87}},"6":{"start":{"line":12,"column":0},"end":{"line":12,"column":24}}},"fnMap":{},"branchMap":{},"s":{"0":1,"1":1,"2":1,"3":1,"4":1,"5":1,"6":1},"f":{},"b":{},"_coverageSchema":"1a1c01bbd47fc00a2c39e90264f33305004495a9","hash":"7562e62cb56c97a5fcaa8f0488e58ae781dee877"}
,"D:\\Studying\\ats_project\\backend\\routes\\reportRoutes.js": {"path":"D:\\Studying\\ats_project\\backend\\routes\\reportRoutes.js","statementMap":{"0":{"start":{"line":1,"column":16},"end":{"line":1,"column":34}},"1":{"start":{"line":2,"column":15},"end":{"line":2,"column":31}},"2":{"start":{"line":3,"column":25},"end":{"line":3,"column":67}},"3":{"start":{"line":4,"column":41},"end":{"line":4,"column":80}},"4":{"start":{"line":7,"column":0},"end":{"line":7,"column":58}},"5":{"start":{"line":10,"column":0},"end":{"line":15,"column":4}},"6":{"start":{"line":17,"column":0},"end":{"line":17,"column":24}}},"fnMap":{},"branchMap":{},"s":{"0":1,"1":1,"2":1,"3":1,"4":1,"5":1,"6":1},"f":{},"b":{},"_coverageSchema":"1a1c01bbd47fc00a2c39e90264f33305004495a9","hash":"9ee93577b6e1fd3ccb8310cf88a6a9a760fcfc3c"}
,"D:\\Studying\\ats_project\\backend\\routes\\stageRoutes.js": {"path":"D:\\Studying\\ats_project\\backend\\routes\\stageRoutes.js","statementMap":{"0":{"start":{"line":1,"column":16},"end":{"line":1,"column":34}},"1":{"start":{"line":2,"column":15},"end":{"line":2,"column":31}},"2":{"start":{"line":3,"column":24},"end":{"line":3,"column":65}},"3":{"start":{"line":4,"column":25},"end":{"line":4,"column":64}},"4":{"start":{"line":6,"column":0},"end":{"line":6,"column":57}},"5":{"start":{"line":7,"column":0},"end":{"line":7,"column":59}},"6":{"start":{"line":8,"column":0},"end":{"line":8,"column":62}},"7":{"start":{"line":11,"column":0},"end":{"line":11,"column":78}},"8":{"start":{"line":14,"column":0},"end":{"line":14,"column":77}},"9":{"start":{"line":16,"column":0},"end":{"line":16,"column":24}}},"fnMap":{},"branchMap":{},"s":{"0":1,"1":1,"2":1,"3":1,"4":1,"5":1,"6":1,"7":1,"8":1,"9":1},"f":{},"b":{},"_coverageSchema":"1a1c01bbd47fc00a2c39e90264f33305004495a9","hash":"a0efcb21703f58ba54709a5862668ee1889cc061"}
,"D:\\Studying\\ats_project\\backend\\routes\\userRoutes.js": {"path":"D:\\Studying\\ats_project\\backend\\routes\\userRoutes.js","statementMap":{"0":{"start":{"line":1,"column":16},"end":{"line":1,"column":34}},"1":{"start":{"line":2,"column":15},"end":{"line":2,"column":31}},"2":{"start":{"line":3,"column":25},"end":{"line":3,"column":64}},"3":{"start":{"line":6,"column":0},"end":{"line":8,"column":3}},"4":{"start":{"line":7,"column":2},"end":{"line":7,"column":56}},"5":{"start":{"line":10,"column":0},"end":{"line":10,"column":24}}},"fnMap":{"0":{"name":"(anonymous_0)","decl":{"start":{"line":6,"column":39},"end":{"line":6,"column":40}},"loc":{"start":{"line":6,"column":53},"end":{"line":8,"column":1}},"line":6}},"branchMap":{},"s":{"0":1,"1":1,"2":1,"3":1,"4":0,"5":1},"f":{"0":0},"b":{},"_coverageSchema":"1a1c01bbd47fc00a2c39e90264f33305004495a9","hash":"2db0c0f8b02904e63389a2659b59f23327721fc8"}
}
